Detecting C compiler ABI info failed to compile with the following output:
Change Dir: /Users/mac/choose_me/build/.cxx/release/2q6t2670/arm64-v8a/CMakeFiles/CMakeTmp

Run Build Command(s):/Users/mac/Library/Android/sdk/cmake/3.22.1/bin/ninja cmTC_16241 && ninja: error: unknown target 'cmTC_16241'




Detecting C compiler ABI info failed to compile with the following output:
Change Dir: /Users/mac/choose_me/build/.cxx/release/2q6t2670/arm64-v8a/CMakeFiles/CMakeTmp

Run Build Command(s):/Users/mac/Library/Android/sdk/cmake/3.22.1/bin/ninja cmTC_8dbdb && [1/2] Building C object CMakeFiles/cmTC_8dbdb.dir/CMakeCCompilerABI.c.o
FAILED: CMakeFiles/cmTC_8dbdb.dir/CMakeCCompilerABI.c.o 
/Users/mac/Library/Android/sdk/ndk/27.0.12077973/toolchains/llvm/prebuilt/darwin-x86_64/bin/clang --target=aarch64-none-linux-android24 --sysroot=/Users/mac/Library/Android/sdk/ndk/27.0.12077973/toolchains/llvm/prebuilt/darwin-x86_64/sysroot   -g -DANDROID -fdata-sections -ffunction-sections -funwind-tables -fstack-protector-strong -no-canonical-prefixes -D_FORTIFY_SOURCE=2 -Wformat   -fPIE   -v -MD -MT CMakeFiles/cmTC_8dbdb.dir/CMakeCCompilerABI.c.o -MF CMakeFiles/cmTC_8dbdb.dir/CMakeCCompilerABI.c.o.d -o CMakeFiles/cmTC_8dbdb.dir/CMakeCCompilerABI.c.o -c /Users/mac/Library/Android/sdk/cmake/3.22.1/share/cmake-3.22/Modules/CMakeCCompilerABI.c
Android (12027248, +pgo, -bolt, +lto, -mlgo, based on r522817) clang version 18.0.1 (https://android.googlesource.com/toolchain/llvm-project d8003a456d14a3deb8054cdaa529ffbf02d9b262)
Target: aarch64-none-linux-android24
Thread model: posix
InstalledDir: /Users/mac/Library/Android/sdk/ndk/27.0.12077973/toolchains/llvm/prebuilt/darwin-x86_64/bin
 (in-process)
 "/Users/mac/Library/Android/sdk/ndk/27.0.12077973/toolchains/llvm/prebuilt/darwin-x86_64/bin/clang" -cc1 -triple aarch64-none-linux-android24 -emit-obj -mrelax-all -disable-free -clear-ast-before-backend -disable-llvm-verifier -discard-value-names -main-file-name CMakeCCompilerABI.c -mrelocation-model pic -pic-level 2 -pic-is-pie -mframe-pointer=non-leaf -ffp-contract=on -fno-rounding-math -mconstructor-aliases -funwind-tables=2 -target-cpu generic -target-feature +neon -target-feature +v8a -target-feature +fix-cortex-a53-835769 -target-abi aapcs -debug-info-kind=constructor -dwarf-version=4 -debugger-tuning=gdb -fdebug-compilation-dir=/Users/mac/choose_me/build/.cxx/release/2q6t2670/arm64-v8a/CMakeFiles/CMakeTmp -v -ffunction-sections -fdata-sections -fcoverage-compilation-dir=/Users/mac/choose_me/build/.cxx/release/2q6t2670/arm64-v8a/CMakeFiles/CMakeTmp -resource-dir /Users/mac/Library/Android/sdk/ndk/27.0.12077973/toolchains/llvm/prebuilt/darwin-x86_64/lib/clang/18 -dependency-file CMakeFiles/cmTC_8dbdb.dir/CMakeCCompilerABI.c.o.d -MT CMakeFiles/cmTC_8dbdb.dir/CMakeCCompilerABI.c.o -sys-header-deps -D ANDROID -D _FORTIFY_SOURCE=2 -isysroot /Users/mac/Library/Android/sdk/ndk/27.0.12077973/toolchains/llvm/prebuilt/darwin-x86_64/sysroot -internal-isystem /Users/mac/Library/Android/sdk/ndk/27.0.12077973/toolchains/llvm/prebuilt/darwin-x86_64/lib/clang/18/include -internal-isystem /Users/mac/Library/Android/sdk/ndk/27.0.12077973/toolchains/llvm/prebuilt/darwin-x86_64/sysroot/usr/local/include -internal-externc-isystem /Users/mac/Library/Android/sdk/ndk/27.0.12077973/toolchains/llvm/prebuilt/darwin-x86_64/sysroot/usr/include/aarch64-linux-android -internal-externc-isystem /Users/mac/Library/Android/sdk/ndk/27.0.12077973/toolchains/llvm/prebuilt/darwin-x86_64/sysroot/include -internal-externc-isystem /Users/mac/Library/Android/sdk/ndk/27.0.12077973/toolchains/llvm/prebuilt/darwin-x86_64/sysroot/usr/include -Wformat -ferror-limit 19 -femulated-tls -stack-protector 2 -fno-signed-char -fgnuc-version=4.2.1 -target-feature +outline-atomics -D__GCC_HAVE_DWARF2_CFI_ASM=1 -o CMakeFiles/cmTC_8dbdb.dir/CMakeCCompilerABI.c.o -x c /Users/mac/Library/Android/sdk/cmake/3.22.1/share/cmake-3.22/Modules/CMakeCCompilerABI.c
clang -cc1 version 18.0.1 based upon LLVM 18.0.1 default target x86_64-apple-darwin21.6.0
ignoring nonexistent directory "/Users/mac/Library/Android/sdk/ndk/27.0.12077973/toolchains/llvm/prebuilt/darwin-x86_64/sysroot/usr/local/include"
ignoring nonexistent directory "/Users/mac/Library/Android/sdk/ndk/27.0.12077973/toolchains/llvm/prebuilt/darwin-x86_64/sysroot/include"
#include "..." search starts here:
#include <...> search starts here:
 /Users/mac/Library/Android/sdk/ndk/27.0.12077973/toolchains/llvm/prebuilt/darwin-x86_64/lib/clang/18/include
 /Users/mac/Library/Android/sdk/ndk/27.0.12077973/toolchains/llvm/prebuilt/darwin-x86_64/sysroot/usr/include/aarch64-linux-android
 /Users/mac/Library/Android/sdk/ndk/27.0.12077973/toolchains/llvm/prebuilt/darwin-x86_64/sysroot/usr/include
End of search list.
error: unable to open output file 'CMakeFiles/cmTC_8dbdb.dir/CMakeCCompilerABI.c.o': 'No such file or directory'
1 error generated.
ninja: build stopped: subcommand failed.




Determining if the C compiler works failed with the following output:
Change Dir: /Users/mac/choose_me/build/.cxx/release/2q6t2670/arm64-v8a/CMakeFiles/CMakeTmp

Run Build Command(s):/Users/mac/Library/Android/sdk/cmake/3.22.1/bin/ninja cmTC_54cf8 && [1/2] Building C object CMakeFiles/cmTC_54cf8.dir/testCCompiler.c.o
FAILED: CMakeFiles/cmTC_54cf8.dir/testCCompiler.c.o 
/Users/mac/Library/Android/sdk/ndk/27.0.12077973/toolchains/llvm/prebuilt/darwin-x86_64/bin/clang --target=aarch64-none-linux-android24 --sysroot=/Users/mac/Library/Android/sdk/ndk/27.0.12077973/toolchains/llvm/prebuilt/darwin-x86_64/sysroot   -g -DANDROID -fdata-sections -ffunction-sections -funwind-tables -fstack-protector-strong -no-canonical-prefixes -D_FORTIFY_SOURCE=2 -Wformat -Werror=format-security   -fPIE -MD -MT CMakeFiles/cmTC_54cf8.dir/testCCompiler.c.o -MF CMakeFiles/cmTC_54cf8.dir/testCCompiler.c.o.d -o CMakeFiles/cmTC_54cf8.dir/testCCompiler.c.o -c /Users/mac/choose_me/build/.cxx/release/2q6t2670/arm64-v8a/CMakeFiles/CMakeTmp/testCCompiler.c
error: unable to open output file 'CMakeFiles/cmTC_54cf8.dir/testCCompiler.c.o': 'No such file or directory'
1 error generated.
ninja: build stopped: subcommand failed.



